[19-Mar-2014 09:44:47 America/Sao_Paulo] PHP Warning:  mysql_pconnect(): Can't connect to local MySQL server through socket '/var/lib/mysql/mysql.sock' (2) in /home/cpanelhospedagem.com/www/demo/atendimento/Connections/sistema.php on line 9
[19-Mar-2014 09:44:47 America/Sao_Paulo] PHP Fatal error:   in /home/cpanelhospedagem.com/www/demo/atendimento/Connections/sistema.php on line 9
[24-Mar-2014 14:44:22 America/Sao_Paulo] PHP Warning:  mysql_pconnect(): Can't connect to local MySQL server through socket '/var/lib/mysql/mysql.sock' (2) in /home/cpanelhospedagem.com/www/demo/atendimento/Connections/sistema.php on line 9
[24-Mar-2014 14:44:22 America/Sao_Paulo] PHP Fatal error:   in /home/cpanelhospedagem.com/www/demo/atendimento/Connections/sistema.php on line 9
[24-Mar-2014 14:44:42 America/Sao_Paulo] PHP Warning:  mysql_connect(): Can't connect to MySQL server on 'mysql05.hstbr.net' (4) in /home/cpanelhospedagem.com/www/demo/atendimento/config/conexao.php on line 9
[26-Mar-2014 10:56:51 America/Sao_Paulo] PHP Parse error:  syntax error, unexpected $end, expecting T_VARIABLE or T_DOLLAR_OPEN_CURLY_BRACES or T_CURLY_OPEN in /home/cyberup.com.br/www/demo/atendimento/config.php on line 86
[26-Mar-2014 12:32:55 America/Sao_Paulo] PHP Parse error:  syntax error, unexpected $end in /home/cyberup.com.br/www/demo/atendimento/config.php on line 10
[26-Mar-2014 12:34:26 America/Sao_Paulo] PHP Parse error:  syntax error, unexpected $end in /home/cyberup.com.br/www/demo/atendimento/config.php on line 10
[26-Mar-2014 12:38:26 America/Sao_Paulo] PHP Warning:  mysql_pconnect(): Can't connect to local MySQL server through socket '/var/lib/mysql/mysql.sock' (2) in /home/cyberup.com.br/www/demo/atendimento/Connections/sistema.php on line 9
[26-Mar-2014 12:38:26 America/Sao_Paulo] PHP Fatal error:   in /home/cyberup.com.br/www/demo/atendimento/Connections/sistema.php on line 9
[26-Mar-2014 12:38:35 America/Sao_Paulo] PHP Warning:  mysql_pconnect(): Can't connect to local MySQL server through socket '/var/lib/mysql/mysql.sock' (2) in /home/cyberup.com.br/www/demo/atendimento/Connections/sistema.php on line 9
[26-Mar-2014 12:38:35 America/Sao_Paulo] PHP Fatal error:   in /home/cyberup.com.br/www/demo/atendimento/Connections/sistema.php on line 9
[26-Mar-2014 12:39:45 America/Sao_Paulo] PHP Warning:  mysql_pconnect(): Can't connect to local MySQL server through socket '/var/lib/mysql/mysql.sock' (2) in /home/cyberup.com.br/www/demo/atendimento/Connections/sistema.php on line 9
[26-Mar-2014 12:39:45 America/Sao_Paulo] PHP Fatal error:   in /home/cyberup.com.br/www/demo/atendimento/Connections/sistema.php on line 9
[26-Mar-2014 12:39:50 America/Sao_Paulo] PHP Warning:  mysql_pconnect(): Can't connect to local MySQL server through socket '/var/lib/mysql/mysql.sock' (2) in /home/cyberup.com.br/www/demo/atendimento/Connections/sistema.php on line 9
[26-Mar-2014 12:39:50 America/Sao_Paulo] PHP Fatal error:   in /home/cyberup.com.br/www/demo/atendimento/Connections/sistema.php on line 9
[26-Mar-2014 12:40:29 America/Sao_Paulo] PHP Warning:  mysql_pconnect(): Can't connect to local MySQL server through socket '/var/lib/mysql/mysql.sock' (2) in /home/cyberup.com.br/www/demo/atendimento/Connections/sistema.php on line 9
[26-Mar-2014 12:40:29 America/Sao_Paulo] PHP Fatal error:   in /home/cyberup.com.br/www/demo/atendimento/Connections/sistema.php on line 9
[26-Mar-2014 12:42:12 America/Sao_Paulo] PHP Warning:  mysql_pconnect(): Can't connect to local MySQL server through socket '/var/lib/mysql/mysql.sock' (2) in /home/cyberup.com.br/www/demo/atendimento/Connections/sistema.php on line 9
[26-Mar-2014 12:42:12 America/Sao_Paulo] PHP Fatal error:   in /home/cyberup.com.br/www/demo/atendimento/Connections/sistema.php on line 9
[26-Mar-2014 12:48:37 America/Sao_Paulo] PHP Warning:  mysql_pconnect(): Can't connect to local MySQL server through socket '/var/lib/mysql/mysql.sock' (2) in /home/cyberup.com.br/www/demo/atendimento/Connections/sistema.php on line 9
[26-Mar-2014 12:48:37 America/Sao_Paulo] PHP Fatal error:   in /home/cyberup.com.br/www/demo/atendimento/Connections/sistema.php on line 9
[28-Mar-2014 16:15:26 America/Sao_Paulo] PHP Parse error:  syntax error, unexpected $end in /home/cyberup.com.br/www/demo/atendimento/cadastroProdutos.php on line 12
[28-Mar-2014 20:08:21 America/Sao_Paulo] PHP Parse error:  syntax error, unexpected '=' in /home/cyberup.com.br/www/demo/atendimento/alterapreco.php on line 142
[28-Mar-2014 20:08:29 America/Sao_Paulo] PHP Parse error:  syntax error, unexpected '=' in /home/cyberup.com.br/www/demo/atendimento/alterapreco.php on line 142
[28-Mar-2014 20:08:39 America/Sao_Paulo] PHP Parse error:  syntax error, unexpected '=' in /home/cyberup.com.br/www/demo/atendimento/alterapreco.php on line 142
[31-Mar-2014 04:03:42 America/Sao_Paulo] PHP Parse error:  syntax error, unexpected ';' in /home/cyberup.com.br/www/demo/atendimento/updatePreco.php on line 32
[31-Mar-2014 04:08:18 America/Sao_Paulo] PHP Warning:  mysql_query(): Can't connect to local MySQL server through socket '/var/lib/mysql/mysql.sock' (2) in /home/cyberup.com.br/www/demo/atendimento/updatePreco.php on line 37
[31-Mar-2014 04:08:18 America/Sao_Paulo] PHP Warning:  mysql_query(): A link to the server could not be established in /home/cyberup.com.br/www/demo/atendimento/updatePreco.php on line 37
[31-Mar-2014 04:11:07 America/Sao_Paulo] PHP Warning:  mysql_query(): Can't connect to local MySQL server through socket '/var/lib/mysql/mysql.sock' (2) in /home/cyberup.com.br/www/demo/atendimento/updatePreco.php on line 37
[31-Mar-2014 04:11:07 America/Sao_Paulo] PHP Warning:  mysql_query(): A link to the server could not be established in /home/cyberup.com.br/www/demo/atendimento/updatePreco.php on line 37
[01-Apr-2014 15:01:26 America/Sao_Paulo] PHP Warning:  include(../conexao/config.php): failed to open stream: No such file or directory in /home/cyberup.com.br/www/demo/atendimento/cadastrarcliente.php on line 146
[01-Apr-2014 15:01:26 America/Sao_Paulo] PHP Warning:  include(../conexao/config.php): failed to open stream: No such file or directory in /home/cyberup.com.br/www/demo/atendimento/cadastrarcliente.php on line 146
[01-Apr-2014 15:01:26 America/Sao_Paulo] PHP Warning:  include(): Failed opening '../conexao/config.php' for inclusion (include_path='.:/php/5.3.21/lib/php') in /home/cyberup.com.br/www/demo/atendimento/cadastrarcliente.php on line 146
[01-Apr-2014 15:02:14 America/Sao_Paulo] PHP Parse error:  syntax error, unexpected T_STRING in /home/cyberup.com.br/www/demo/atendimento/cadastrarcliente.php on line 152
[01-Apr-2014 15:02:20 America/Sao_Paulo] PHP Parse error:  syntax error, unexpected T_STRING in /home/cyberup.com.br/www/demo/atendimento/cadastrarcliente.php on line 152
[01-Apr-2014 15:07:55 America/Sao_Paulo] PHP Parse error:  syntax error, unexpected T_VARIABLE in /home/cyberup.com.br/www/demo/atendimento/cadastrarcliente.php on line 150
[01-Apr-2014 15:07:59 America/Sao_Paulo] PHP Parse error:  syntax error, unexpected T_VARIABLE in /home/cyberup.com.br/www/demo/atendimento/cadastrarcliente.php on line 150
[01-Apr-2014 15:11:14 America/Sao_Paulo] PHP Parse error:  syntax error, unexpected T_VARIABLE in /home/cyberup.com.br/www/demo/atendimento/cadastrarcliente.php on line 150
