[19-Mar-2014 09:41:32 America/Sao_Paulo] PHP Warning:  mysql_connect(): Can't connect to local MySQL server through socket '/var/lib/mysql/mysql.sock' (2) in /home/cpanelhospedagem.com/www/demo/atendimento/backup/backup.php on line 8
[19-Mar-2014 09:41:32 America/Sao_Paulo] PHP Warning:  mysql_select_db() expects parameter 2 to be resource, boolean given in /home/cpanelhospedagem.com/www/demo/atendimento/backup/backup.php on line 9
[19-Mar-2014 09:41:32 America/Sao_Paulo] PHP Warning:  mysql_query(): Can't connect to local MySQL server through socket '/var/lib/mysql/mysql.sock' (2) in /home/cpanelhospedagem.com/www/demo/atendimento/backup/backup.php on line 15
[19-Mar-2014 09:41:32 America/Sao_Paulo] PHP Warning:  mysql_query(): A link to the server could not be established in /home/cpanelhospedagem.com/www/demo/atendimento/backup/backup.php on line 15
[19-Mar-2014 09:41:32 America/Sao_Paulo] PHP Warning:  mysql_fetch_row() expects parameter 1 to be resource, boolean given in /home/cpanelhospedagem.com/www/demo/atendimento/backup/backup.php on line 16
[26-Mar-2014 01:50:46 America/Sao_Paulo] PHP Warning:  mysql_connect(): Can't connect to local MySQL server through socket '/var/lib/mysql/mysql.sock' (2) in /home/cyberup.com.br/www/demo/atendimento/backup/backup.php on line 8
[26-Mar-2014 01:50:46 America/Sao_Paulo] PHP Warning:  mysql_select_db() expects parameter 2 to be resource, boolean given in /home/cyberup.com.br/www/demo/atendimento/backup/backup.php on line 9
[26-Mar-2014 01:50:46 America/Sao_Paulo] PHP Warning:  mysql_query(): Can't connect to local MySQL server through socket '/var/lib/mysql/mysql.sock' (2) in /home/cyberup.com.br/www/demo/atendimento/backup/backup.php on line 15
[26-Mar-2014 01:50:46 America/Sao_Paulo] PHP Warning:  mysql_query(): A link to the server could not be established in /home/cyberup.com.br/www/demo/atendimento/backup/backup.php on line 15
[26-Mar-2014 01:50:46 America/Sao_Paulo] PHP Warning:  mysql_fetch_row() expects parameter 1 to be resource, boolean given in /home/cyberup.com.br/www/demo/atendimento/backup/backup.php on line 16
[26-Mar-2014 01:50:58 America/Sao_Paulo] PHP Warning:  mysql_connect(): Can't connect to local MySQL server through socket '/var/lib/mysql/mysql.sock' (2) in /home/cyberup.com.br/www/demo/atendimento/backup/backup.php on line 8
[26-Mar-2014 01:50:58 America/Sao_Paulo] PHP Warning:  mysql_select_db() expects parameter 2 to be resource, boolean given in /home/cyberup.com.br/www/demo/atendimento/backup/backup.php on line 9
[26-Mar-2014 01:50:58 America/Sao_Paulo] PHP Warning:  mysql_query(): Can't connect to local MySQL server through socket '/var/lib/mysql/mysql.sock' (2) in /home/cyberup.com.br/www/demo/atendimento/backup/backup.php on line 15
[26-Mar-2014 01:50:58 America/Sao_Paulo] PHP Warning:  mysql_query(): A link to the server could not be established in /home/cyberup.com.br/www/demo/atendimento/backup/backup.php on line 15
[26-Mar-2014 01:50:58 America/Sao_Paulo] PHP Warning:  mysql_fetch_row() expects parameter 1 to be resource, boolean given in /home/cyberup.com.br/www/demo/atendimento/backup/backup.php on line 16
[26-Mar-2014 14:57:25 America/Sao_Paulo] PHP Warning:  mysql_connect(): Can't connect to local MySQL server through socket '/var/lib/mysql/mysql.sock' (2) in /home/cyberup.com.br/www/demo/atendimento/backup/backup.php on line 8
[26-Mar-2014 14:57:25 America/Sao_Paulo] PHP Warning:  mysql_select_db() expects parameter 2 to be resource, boolean given in /home/cyberup.com.br/www/demo/atendimento/backup/backup.php on line 9
[26-Mar-2014 14:57:25 America/Sao_Paulo] PHP Warning:  mysql_query(): Can't connect to local MySQL server through socket '/var/lib/mysql/mysql.sock' (2) in /home/cyberup.com.br/www/demo/atendimento/backup/backup.php on line 15
[26-Mar-2014 14:57:25 America/Sao_Paulo] PHP Warning:  mysql_query(): A link to the server could not be established in /home/cyberup.com.br/www/demo/atendimento/backup/backup.php on line 15
[26-Mar-2014 14:57:25 America/Sao_Paulo] PHP Warning:  mysql_fetch_row() expects parameter 1 to be resource, boolean given in /home/cyberup.com.br/www/demo/atendimento/backup/backup.php on line 16
[26-Mar-2014 22:53:29 America/Sao_Paulo] PHP Warning:  mysql_connect(): Can't connect to local MySQL server through socket '/var/lib/mysql/mysql.sock' (2) in /home/cyberup.com.br/www/demo/atendimento/backup/backup.php on line 8
[26-Mar-2014 22:53:29 America/Sao_Paulo] PHP Warning:  mysql_select_db() expects parameter 2 to be resource, boolean given in /home/cyberup.com.br/www/demo/atendimento/backup/backup.php on line 9
[26-Mar-2014 22:53:29 America/Sao_Paulo] PHP Warning:  mysql_query(): Can't connect to local MySQL server through socket '/var/lib/mysql/mysql.sock' (2) in /home/cyberup.com.br/www/demo/atendimento/backup/backup.php on line 15
[26-Mar-2014 22:53:29 America/Sao_Paulo] PHP Warning:  mysql_query(): A link to the server could not be established in /home/cyberup.com.br/www/demo/atendimento/backup/backup.php on line 15
[26-Mar-2014 22:53:29 America/Sao_Paulo] PHP Warning:  mysql_fetch_row() expects parameter 1 to be resource, boolean given in /home/cyberup.com.br/www/demo/atendimento/backup/backup.php on line 16
[26-Mar-2014 22:53:36 America/Sao_Paulo] PHP Warning:  mysql_connect(): Can't connect to local MySQL server through socket '/var/lib/mysql/mysql.sock' (2) in /home/cyberup.com.br/www/demo/atendimento/backup/backup.php on line 8
[26-Mar-2014 22:53:36 America/Sao_Paulo] PHP Warning:  mysql_select_db() expects parameter 2 to be resource, boolean given in /home/cyberup.com.br/www/demo/atendimento/backup/backup.php on line 9
[26-Mar-2014 22:53:36 America/Sao_Paulo] PHP Warning:  mysql_query(): Can't connect to local MySQL server through socket '/var/lib/mysql/mysql.sock' (2) in /home/cyberup.com.br/www/demo/atendimento/backup/backup.php on line 15
[26-Mar-2014 22:53:36 America/Sao_Paulo] PHP Warning:  mysql_query(): A link to the server could not be established in /home/cyberup.com.br/www/demo/atendimento/backup/backup.php on line 15
[26-Mar-2014 22:53:36 America/Sao_Paulo] PHP Warning:  mysql_fetch_row() expects parameter 1 to be resource, boolean given in /home/cyberup.com.br/www/demo/atendimento/backup/backup.php on line 16
[28-Mar-2014 21:13:28 America/Sao_Paulo] PHP Warning:  mysql_connect(): Can't connect to local MySQL server through socket '/var/lib/mysql/mysql.sock' (2) in /home/cyberup.com.br/www/demo/atendimento/backup/backup.php on line 8
[28-Mar-2014 21:13:28 America/Sao_Paulo] PHP Warning:  mysql_select_db() expects parameter 2 to be resource, boolean given in /home/cyberup.com.br/www/demo/atendimento/backup/backup.php on line 9
[28-Mar-2014 21:13:28 America/Sao_Paulo] PHP Warning:  mysql_query(): Can't connect to local MySQL server through socket '/var/lib/mysql/mysql.sock' (2) in /home/cyberup.com.br/www/demo/atendimento/backup/backup.php on line 15
[28-Mar-2014 21:13:28 America/Sao_Paulo] PHP Warning:  mysql_query(): A link to the server could not be established in /home/cyberup.com.br/www/demo/atendimento/backup/backup.php on line 15
[28-Mar-2014 21:13:28 America/Sao_Paulo] PHP Warning:  mysql_fetch_row() expects parameter 1 to be resource, boolean given in /home/cyberup.com.br/www/demo/atendimento/backup/backup.php on line 16
[31-Mar-2014 06:56:45 America/Sao_Paulo] PHP Warning:  mysql_connect(): Can't connect to local MySQL server through socket '/var/lib/mysql/mysql.sock' (2) in /home/cyberup.com.br/www/demo/atendimento/backup/backup.php on line 8
[31-Mar-2014 06:56:45 America/Sao_Paulo] PHP Warning:  mysql_select_db() expects parameter 2 to be resource, boolean given in /home/cyberup.com.br/www/demo/atendimento/backup/backup.php on line 9
[31-Mar-2014 06:56:45 America/Sao_Paulo] PHP Warning:  mysql_query(): Can't connect to local MySQL server through socket '/var/lib/mysql/mysql.sock' (2) in /home/cyberup.com.br/www/demo/atendimento/backup/backup.php on line 15
[31-Mar-2014 06:56:45 America/Sao_Paulo] PHP Warning:  mysql_query(): A link to the server could not be established in /home/cyberup.com.br/www/demo/atendimento/backup/backup.php on line 15
[31-Mar-2014 06:56:45 America/Sao_Paulo] PHP Warning:  mysql_fetch_row() expects parameter 1 to be resource, boolean given in /home/cyberup.com.br/www/demo/atendimento/backup/backup.php on line 16
[01-Apr-2014 15:42:21 America/Sao_Paulo] PHP Warning:  mysql_connect(): Can't connect to local MySQL server through socket '/var/lib/mysql/mysql.sock' (2) in /home/cyberup.com.br/www/demo/atendimento/backup/backup.php on line 8
[01-Apr-2014 15:42:21 America/Sao_Paulo] PHP Warning:  mysql_select_db() expects parameter 2 to be resource, boolean given in /home/cyberup.com.br/www/demo/atendimento/backup/backup.php on line 9
[01-Apr-2014 15:42:21 America/Sao_Paulo] PHP Warning:  mysql_query(): Can't connect to local MySQL server through socket '/var/lib/mysql/mysql.sock' (2) in /home/cyberup.com.br/www/demo/atendimento/backup/backup.php on line 15
[01-Apr-2014 15:42:21 America/Sao_Paulo] PHP Warning:  mysql_query(): A link to the server could not be established in /home/cyberup.com.br/www/demo/atendimento/backup/backup.php on line 15
[01-Apr-2014 15:42:21 America/Sao_Paulo] PHP Warning:  mysql_fetch_row() expects parameter 1 to be resource, boolean given in /home/cyberup.com.br/www/demo/atendimento/backup/backup.php on line 16
[01-Apr-2014 15:53:40 America/Sao_Paulo] PHP Warning:  mysql_connect(): Can't connect to local MySQL server through socket '/var/lib/mysql/mysql.sock' (2) in /home/cyberup.com.br/www/demo/atendimento/backup/backup.php on line 8
[01-Apr-2014 15:53:40 America/Sao_Paulo] PHP Warning:  mysql_select_db() expects parameter 2 to be resource, boolean given in /home/cyberup.com.br/www/demo/atendimento/backup/backup.php on line 9
[01-Apr-2014 15:53:40 America/Sao_Paulo] PHP Warning:  mysql_query(): Can't connect to local MySQL server through socket '/var/lib/mysql/mysql.sock' (2) in /home/cyberup.com.br/www/demo/atendimento/backup/backup.php on line 15
[01-Apr-2014 15:53:40 America/Sao_Paulo] PHP Warning:  mysql_query(): A link to the server could not be established in /home/cyberup.com.br/www/demo/atendimento/backup/backup.php on line 15
[01-Apr-2014 15:53:40 America/Sao_Paulo] PHP Warning:  mysql_fetch_row() expects parameter 1 to be resource, boolean given in /home/cyberup.com.br/www/demo/atendimento/backup/backup.php on line 16
[01-Apr-2014 16:46:45 America/Sao_Paulo] PHP Warning:  mysql_connect(): Can't connect to local MySQL server through socket '/var/lib/mysql/mysql.sock' (2) in /home/cyberup.com.br/www/demo/atendimento/backup/backup.php on line 8
[01-Apr-2014 16:46:45 America/Sao_Paulo] PHP Warning:  mysql_select_db() expects parameter 2 to be resource, boolean given in /home/cyberup.com.br/www/demo/atendimento/backup/backup.php on line 9
[01-Apr-2014 16:46:45 America/Sao_Paulo] PHP Warning:  mysql_query(): Can't connect to local MySQL server through socket '/var/lib/mysql/mysql.sock' (2) in /home/cyberup.com.br/www/demo/atendimento/backup/backup.php on line 15
[01-Apr-2014 16:46:45 America/Sao_Paulo] PHP Warning:  mysql_query(): A link to the server could not be established in /home/cyberup.com.br/www/demo/atendimento/backup/backup.php on line 15
[01-Apr-2014 16:46:45 America/Sao_Paulo] PHP Warning:  mysql_fetch_row() expects parameter 1 to be resource, boolean given in /home/cyberup.com.br/www/demo/atendimento/backup/backup.php on line 16
